<?xml version="1.0" encoding="UTF-8"?>
<testng-results ignored="0" total="2" passed="2" failed="0" skipped="0">
  <reporter-output>
  </reporter-output>
  <suite started-at="2022-03-24T00:29:49 PDT" name="Suite" finished-at="2022-03-24T00:30:17 PDT" duration-ms="28619">
    <groups>
    </groups>
    <test started-at="2022-03-24T00:29:49 PDT" name="FirefoxTest" finished-at="2022-03-24T00:30:08 PDT" duration-ms="18923">
      <class name="testNGstudys.CrossBrowserTest">
        <test-method signature="CrossBrowser(java.lang.String)[pri:0, instance:testNGstudys.CrossBrowserTest@58695725]" started-at="2022-03-24T00:29:49 PDT" name="CrossBrowser" finished-at="2022-03-24T00:30:08 PDT" duration-ms="18843" status="PASS">
          <params>
            <param index="0">
              <value>
                <![CDATA[firefox]]>
              </value>
            </param>
          </params>
          <reporter-output>
          </reporter-output>
        </test-method> <!-- CrossBrowser -->
      </class> <!-- testNGstudys.CrossBrowserTest -->
    </test> <!-- FirefoxTest -->
    <test started-at="2022-03-24T00:30:08 PDT" name="ChromeTest" finished-at="2022-03-24T00:30:17 PDT" duration-ms="9636">
      <class name="testNGstudys.CrossBrowserTest">
        <test-method signature="CrossBrowser(java.lang.String)[pri:0, instance:testNGstudys.CrossBrowserTest@5e600dd5]" started-at="2022-03-24T00:30:08 PDT" name="CrossBrowser" finished-at="2022-03-24T00:30:17 PDT" duration-ms="9629" status="PASS">
          <params>
            <param index="0">
              <value>
                <![CDATA[chrome]]>
              </value>
            </param>
          </params>
          <reporter-output>
          </reporter-output>
        </test-method> <!-- CrossBrowser -->
      </class> <!-- testNGstudys.CrossBrowserTest -->
    </test> <!-- ChromeTest -->
  </suite> <!-- Suite -->
</testng-results>
